[000]AbrirTiqueNC()
[000]LastComError:0
[000]EstadoImpresor:EstadoImpresor: ONLINE|EstadoImpresorError: SIN_ERROR|EstadoImpresorTapa: CERRADA|EstadoImpresorEstacion: RECEIPT_RECIBOS|EstadoImpresorSlipValidaSensorEsperaCargaRemocion: NORMAL_SIN_ESPERA|EstadoImpresorSlipValidaSensorEsperaCargaRemocion: NORMAL_SIN_ESPERA|EstadoImpresorSlipIniCarga: SIN_PAPEL|EstadoImpresorSlipFinCarga: SIN_PAPEL|EstadoImpresorSlipValida: SIN_PAPEL|EstadoImpresorJournal: SIN_PROBLEMAS|EstadoImpresorReceipt: SIN_PROBLEMAS
[000]EstadoFiscalModoFunqEquipo: ENTRENAMIENTO|EstadoFiscalEstadoCertDigital: VALIDOS|EstadoFiscalModoTecnico: INACTIVO|EstadoFiscalEstadoMemoriaFiscal: PERFECTO_ESTADO|EstadoFiscalEstadoMemoriaTransacciones: PERFECTO_ESTADO|EstadoFiscalJornadaFiscal: CERRADA|EstadoFiscalSubestados: SIN_SUBESTADOS|EstadoFiscalDocumentoEnProgreso: TIQUE_O_NOTA_DE_CREDITO
[000]Retorno AbrirTiqueNC: 
[001]ItemTiqueNC()|lalala lalala||||Descripcion del item|000010000|00001000000|2100|00000000000|00000000|||20158|07|7
[001]LastComError:0
[001]EstadoImpresor:EstadoImpresor: ONLINE|EstadoImpresorError: SIN_ERROR|EstadoImpresorTapa: CERRADA|EstadoImpresorEstacion: RECEIPT_RECIBOS|EstadoImpresorSlipValidaSensorEsperaCargaRemocion: NORMAL_SIN_ESPERA|EstadoImpresorSlipValidaSensorEsperaCargaRemocion: NORMAL_SIN_ESPERA|EstadoImpresorSlipIniCarga: SIN_PAPEL|EstadoImpresorSlipFinCarga: SIN_PAPEL|EstadoImpresorSlipValida: SIN_PAPEL|EstadoImpresorJournal: SIN_PROBLEMAS|EstadoImpresorReceipt: SIN_PROBLEMAS
[001]EstadoFiscalModoFunqEquipo: ENTRENAMIENTO|EstadoFiscalEstadoCertDigital: VALIDOS|EstadoFiscalModoTecnico: INACTIVO|EstadoFiscalEstadoMemoriaFiscal: PERFECTO_ESTADO|EstadoFiscalEstadoMemoriaTransacciones: PERFECTO_ESTADO|EstadoFiscalJornadaFiscal: CERRADA|EstadoFiscalSubestados: SIN_SUBESTADOS|EstadoFiscalDocumentoEnProgreso: TIQUE_O_NOTA_DE_CREDITO
[001]Retorno ItemTiqueNC: 
[002]ItemTiqueNC()|||||Descripcion del item2|000010000|00001030000|1050|00000000000|00000000|||20158|07|7
[002]LastComError:0
[002]EstadoImpresor:EstadoImpresor: ONLINE|EstadoImpresorError: SIN_ERROR|EstadoImpresorTapa: CERRADA|EstadoImpresorEstacion: RECEIPT_RECIBOS|EstadoImpresorSlipValidaSensorEsperaCargaRemocion: NORMAL_SIN_ESPERA|EstadoImpresorSlipValidaSensorEsperaCargaRemocion: NORMAL_SIN_ESPERA|EstadoImpresorSlipIniCarga: SIN_PAPEL|EstadoImpresorSlipFinCarga: SIN_PAPEL|EstadoImpresorSlipValida: SIN_PAPEL|EstadoImpresorJournal: SIN_PROBLEMAS|EstadoImpresorReceipt: SIN_PROBLEMAS
[002]EstadoFiscalModoFunqEquipo: ENTRENAMIENTO|EstadoFiscalEstadoCertDigital: VALIDOS|EstadoFiscalModoTecnico: INACTIVO|EstadoFiscalEstadoMemoriaFiscal: PERFECTO_ESTADO|EstadoFiscalEstadoMemoriaTransacciones: PERFECTO_ESTADO|EstadoFiscalJornadaFiscal: CERRADA|EstadoFiscalSubestados: SIN_SUBESTADOS|EstadoFiscalDocumentoEnProgreso: TIQUE_O_NOTA_DE_CREDITO
[002]Retorno ItemTiqueNC: 
[003]ItemTiqueNC()|||||Descripcion del item3|000010000|00001004000|1050|00000000000|00000000|||20158|07|7
[003]LastComError:0
[003]EstadoImpresor:EstadoImpresor: ONLINE|EstadoImpresorError: SIN_ERROR|EstadoImpresorTapa: CERRADA|EstadoImpresorEstacion: RECEIPT_RECIBOS|EstadoImpresorSlipValidaSensorEsperaCargaRemocion: NORMAL_SIN_ESPERA|EstadoImpresorSlipValidaSensorEsperaCargaRemocion: NORMAL_SIN_ESPERA|EstadoImpresorSlipIniCarga: SIN_PAPEL|EstadoImpresorSlipFinCarga: SIN_PAPEL|EstadoImpresorSlipValida: SIN_PAPEL|EstadoImpresorJournal: SIN_PROBLEMAS|EstadoImpresorReceipt: SIN_PROBLEMAS
[003]EstadoFiscalModoFunqEquipo: ENTRENAMIENTO|EstadoFiscalEstadoCertDigital: VALIDOS|EstadoFiscalModoTecnico: INACTIVO|EstadoFiscalEstadoMemoriaFiscal: PERFECTO_ESTADO|EstadoFiscalEstadoMemoriaTransacciones: PERFECTO_ESTADO|EstadoFiscalJornadaFiscal: CERRADA|EstadoFiscalSubestados: SIN_SUBESTADOS|EstadoFiscalDocumentoEnProgreso: TIQUE_O_NOTA_DE_CREDITO
[003]Retorno ItemTiqueNC: 
[004]ItemTiqueNC()|||||Descripcion del item4|000010000|00001000500|2100|00000000000|00000000|||20158|07|7
[004]LastComError:0
[004]EstadoImpresor:EstadoImpresor: ONLINE|EstadoImpresorError: SIN_ERROR|EstadoImpresorTapa: CERRADA|EstadoImpresorEstacion: RECEIPT_RECIBOS|EstadoImpresorSlipValidaSensorEsperaCargaRemocion: NORMAL_SIN_ESPERA|EstadoImpresorSlipValidaSensorEsperaCargaRemocion: NORMAL_SIN_ESPERA|EstadoImpresorSlipIniCarga: SIN_PAPEL|EstadoImpresorSlipFinCarga: SIN_PAPEL|EstadoImpresorSlipValida: SIN_PAPEL|EstadoImpresorJournal: SIN_PROBLEMAS|EstadoImpresorReceipt: SIN_PROBLEMAS
[004]EstadoFiscalModoFunqEquipo: ENTRENAMIENTO|EstadoFiscalEstadoCertDigital: VALIDOS|EstadoFiscalModoTecnico: INACTIVO|EstadoFiscalEstadoMemoriaFiscal: PERFECTO_ESTADO|EstadoFiscalEstadoMemoriaTransacciones: PERFECTO_ESTADO|EstadoFiscalJornadaFiscal: CERRADA|EstadoFiscalSubestados: SIN_SUBESTADOS|EstadoFiscalDocumentoEnProgreso: TIQUE_O_NOTA_DE_CREDITO
[004]Retorno ItemTiqueNC: 
[005]CerrarTiqueNC(DEVUELVE_RESPUESTA_ELECTRONICA|CORTAR_PAPEL)
[005]LastComError:0
[005]EstadoImpresor:EstadoImpresor: ONLINE|EstadoImpresorError: SIN_ERROR|EstadoImpresorTapa: CERRADA|EstadoImpresorEstacion: RECEIPT_RECIBOS|EstadoImpresorSlipValidaSensorEsperaCargaRemocion: NORMAL_SIN_ESPERA|EstadoImpresorSlipValidaSensorEsperaCargaRemocion: NORMAL_SIN_ESPERA|EstadoImpresorSlipIniCarga: SIN_PAPEL|EstadoImpresorSlipFinCarga: SIN_PAPEL|EstadoImpresorSlipValida: SIN_PAPEL|EstadoImpresorJournal: SIN_PROBLEMAS|EstadoImpresorReceipt: SIN_PROBLEMAS
[005]EstadoFiscalModoFunqEquipo: ENTRENAMIENTO|EstadoFiscalEstadoCertDigital: VALIDOS|EstadoFiscalModoTecnico: INACTIVO|EstadoFiscalEstadoMemoriaFiscal: PERFECTO_ESTADO|EstadoFiscalEstadoMemoriaTransacciones: PERFECTO_ESTADO|EstadoFiscalJornadaFiscal: CERRADA|EstadoFiscalSubestados: SIN_SUBESTADOS|EstadoFiscalDocumentoEnProgreso: SIN_DOCUMENTO
[005]Retorno CerrarTiqueNC: 137|40345|5405|0

Error al compilar comando temTiqueNC()||||Descripcion del item1|000010000|00001200000|2100|00000000000|00000000|||20158|07|7